<?xml version="1.0" encoding="UTF-8"?>
<!-- Generated by org.testng.reporters.JUnitReportReporter -->
<testsuite name="TestCases.IteraForm" tests="7" time="14.514" ignored="0" failures="0" timestamp="06 Oct 2021 02:13:11 GMT" skipped="0" hostname="NAZEER-PC" errors="0">
  <testcase name="CheckBox" time="0.143" classname="TestCases.IteraForm"/>
  <testcase name="RadioButton" time="0.233" classname="TestCases.IteraForm"/>
  <testcase name="TextArea" time="1.872" classname="TestCases.IteraForm"/>
  <testcase name="CheckxPath" time="0.134" classname="TestCases.IteraForm"/>
  <testcase name="RadioxPath" time="0.468" classname="TestCases.IteraForm"/>
  <testcase name="FileLoad" time="11.000" classname="TestCases.IteraForm"/>
  <testcase name="DropDown" time="0.664" classname="TestCases.IteraForm"/>
</testsuite> <!-- TestCases.IteraForm -->
