<?xml version="1.0" encoding="UTF-8"?>
<!-- Generated by org.testng.reporters.JUnitReportReporter -->
<testsuite name="TestCases.LoginExample" tests="1" time="11.950" ignored="0" failures="0" timestamp="06 Oct 2021 10:31:12 GMT" skipped="0" hostname="NAZEER-PC" errors="0">
  <testcase name="OrangeHRMTest" time="11.950" classname="TestCases.LoginExample"/>
</testsuite> <!-- TestCases.LoginExample -->
