<?xml version="1.0" encoding="UTF-8"?>
<!-- Generated by org.testng.reporters.JUnitReportReporter -->
<testsuite name="Testcases.TestCases_002" tests="1" time="18.998" ignored="0" failures="0" timestamp="14 Dec 2021 05:12:43 GMT" skipped="0" hostname="NAZEER-PC" errors="0">
  <testcase name="addNewCustomer" time="18.998" classname="Testcases.TestCases_002"/>
</testsuite> <!-- Testcases.TestCases_002 -->
