<?xml version="1.0" encoding="UTF-8"?>
<!-- Generated by org.testng.reporters.JUnitReportReporter -->
<testsuite name="Testcases.NewTestCases_001" tests="1" time="0.600" ignored="0" failures="0" timestamp="29 Dec 2021 06:47:36 GMT" skipped="0" hostname="NAZEER-PC" errors="0">
  <testcase name="openBank" time="0.600" classname="Testcases.NewTestCases_001"/>
</testsuite> <!-- Testcases.NewTestCases_001 -->
